$ py.test
============================================================ test session starts ============================================================
platform linux -- Python 3.11.5, pytest-7.4.0, pluggy-1.0.0
rootdir: /mnt/Mircea/Facultate/PhD/Courses/Advanced Python Programming/Exercises Day 4/Solved Exercises
plugins: anyio-3.5.0
collected 14 items

part 1/test_simple_math.py .........F....                                                                                             [100%]

================================================================= FAILURES ==================================================================
_________________________________________________________ test_simple_div[1-0-inf] __________________________________________________________

n = 1, m = 0, expected = inf

    @pytest.mark.parametrize("n, m, expected", [
        (1, 0, float("inf")),
        (6, 3, 2),
        (1, 2, 0.5)
    ])
    def test_simple_div(n, m, expected):
>       assert simple_math.simple_div(n, m) == expected

part 1/test_simple_math.py:35:
_ _ _ _ _ _ _ _ _ _ _ _ _ _ _ _ _ _ _ _ _ _ _ _ _ _ _ _ _ _ _ _ _ _ _ _ _ _ _ _ _ _ _ _ _ _ _ _ _ _ _ _ _ _ _ _ _ _ _ _ _ _ _ _ _ _ _ _ _ _ _

a = 1, b = 0

    def simple_div(a,b):
>       return a/b
E       ZeroDivisionError: division by zero

part 1/simple_math.py:15: ZeroDivisionError
========================================================== short test summary info ==========================================================
FAILED part 1/test_simple_math.py::test_simple_div[1-0-inf] - ZeroDivisionError: division by zero
======================================================= 1 failed, 13 passed in 0.10s ========================================================
